2025-03-14T09:25:30.216+09:00  INFO 15260 --- [ch06] [Test worker] kr.co.ch06.dao.User1MapperTest           : Starting User1MapperTest using Java 17.0.12 with PID 15260 (started by lotte06 in C:\Users\lotte06\Desktop\workspace\Spring\ch06)
2025-03-14T09:25:30.223+09:00  INFO 15260 --- [ch06] [Test worker] kr.co.ch06.dao.User1MapperTest           : No active profile set, falling back to 1 default profile: "default"
2025-03-14T09:25:31.366+09:00  INFO 15260 --- [ch06] [Test worker] o.s.b.a.w.s.WelcomePageHandlerMapping    : Adding welcome page template: index
2025-03-14T09:25:31.697+09:00  INFO 15260 --- [ch06] [Test worker] kr.co.ch06.dao.User1MapperTest           : Started User1MapperTest in 1.733 seconds (process running for 2.768)
2025-03-14T09:25:32.464+09:00  INFO 15260 --- [ch06] [Test worker] com.zaxxer.hikari.HikariDataSource       : HikariPool-1 - Starting...
2025-03-14T09:25:32.786+09:00  INFO 15260 --- [ch06] [Test worker] com.zaxxer.hikari.pool.HikariPool        : HikariPool-1 - Added connection com.mysql.cj.jdbc.ConnectionImpl@57167ccb
2025-03-14T09:25:32.790+09:00  INFO 15260 --- [ch06] [Test worker] com.zaxxer.hikari.HikariDataSource       : HikariPool-1 - Start completed.
2025-03-14T09:25:32.865+09:00  INFO 15260 --- [ch06] [SpringApplicationShutdownHook] com.zaxxer.hikari.HikariDataSource       : HikariPool-1 - Shutdown initiated...
2025-03-14T09:25:32.869+09:00  INFO 15260 --- [ch06] [SpringApplicationShutdownHook] com.zaxxer.hikari.HikariDataSource       : HikariPool-1 - Shutdown completed.
2025-03-14T09:26:30.229+09:00  INFO 13352 --- [ch06] [Test worker] kr.co.ch06.dao.User1MapperTest           : Starting User1MapperTest using Java 17.0.12 with PID 13352 (started by lotte06 in C:\Users\lotte06\Desktop\workspace\Spring\ch06)
2025-03-14T09:26:30.231+09:00  INFO 13352 --- [ch06] [Test worker] kr.co.ch06.dao.User1MapperTest           : No active profile set, falling back to 1 default profile: "default"
2025-03-14T09:26:31.379+09:00  INFO 13352 --- [ch06] [Test worker] o.s.b.a.w.s.WelcomePageHandlerMapping    : Adding welcome page template: index
2025-03-14T09:26:31.695+09:00  INFO 13352 --- [ch06] [Test worker] kr.co.ch06.dao.User1MapperTest           : Started User1MapperTest in 1.737 seconds (process running for 2.779)
2025-03-14T09:26:32.470+09:00  INFO 13352 --- [ch06] [Test worker] com.zaxxer.hikari.HikariDataSource       : HikariPool-1 - Starting...
2025-03-14T09:26:32.762+09:00  INFO 13352 --- [ch06] [Test worker] com.zaxxer.hikari.pool.HikariPool        : HikariPool-1 - Added connection com.mysql.cj.jdbc.ConnectionImpl@45273d40
2025-03-14T09:26:32.764+09:00  INFO 13352 --- [ch06] [Test worker] com.zaxxer.hikari.HikariDataSource       : HikariPool-1 - Start completed.
2025-03-14T09:26:32.833+09:00  INFO 13352 --- [ch06] [SpringApplicationShutdownHook] com.zaxxer.hikari.HikariDataSource       : HikariPool-1 - Shutdown initiated...
2025-03-14T09:26:32.838+09:00  INFO 13352 --- [ch06] [SpringApplicationShutdownHook] com.zaxxer.hikari.HikariDataSource       : HikariPool-1 - Shutdown completed.
2025-03-14T09:26:39.449+09:00  INFO 7872 --- [ch06] [Test worker] kr.co.ch06.dao.User1MapperTest           : Starting User1MapperTest using Java 17.0.12 with PID 7872 (started by lotte06 in C:\Users\lotte06\Desktop\workspace\Spring\ch06)
2025-03-14T09:26:39.452+09:00  INFO 7872 --- [ch06] [Test worker] kr.co.ch06.dao.User1MapperTest           : No active profile set, falling back to 1 default profile: "default"
2025-03-14T09:26:40.559+09:00  INFO 7872 --- [ch06] [Test worker] o.s.b.a.w.s.WelcomePageHandlerMapping    : Adding welcome page template: index
2025-03-14T09:26:40.871+09:00  INFO 7872 --- [ch06] [Test worker] kr.co.ch06.dao.User1MapperTest           : Started User1MapperTest in 1.682 seconds (process running for 2.729)
2025-03-14T09:26:41.575+09:00  INFO 7872 --- [ch06] [Test worker] com.zaxxer.hikari.HikariDataSource       : HikariPool-1 - Starting...
2025-03-14T09:26:41.851+09:00  INFO 7872 --- [ch06] [Test worker] com.zaxxer.hikari.pool.HikariPool        : HikariPool-1 - Added connection com.mysql.cj.jdbc.ConnectionImpl@1b7a4930
2025-03-14T09:26:41.853+09:00  INFO 7872 --- [ch06] [Test worker] com.zaxxer.hikari.HikariDataSource       : HikariPool-1 - Start completed.
2025-03-14T09:26:41.920+09:00  INFO 7872 --- [ch06] [SpringApplicationShutdownHook] com.zaxxer.hikari.HikariDataSource       : HikariPool-1 - Shutdown initiated...
2025-03-14T09:26:41.924+09:00  INFO 7872 --- [ch06] [SpringApplicationShutdownHook] com.zaxxer.hikari.HikariDataSource       : HikariPool-1 - Shutdown completed.
2025-03-14T09:29:35.060+09:00  INFO 6880 --- [ch06] [Test worker] kr.co.ch06.dao.User1MapperTest           : Starting User1MapperTest using Java 17.0.12 with PID 6880 (started by lotte06 in C:\Users\lotte06\Desktop\workspace\Spring\ch06)
2025-03-14T09:29:35.062+09:00  INFO 6880 --- [ch06] [Test worker] kr.co.ch06.dao.User1MapperTest           : No active profile set, falling back to 1 default profile: "default"
2025-03-14T09:29:36.174+09:00  INFO 6880 --- [ch06] [Test worker] o.s.b.a.w.s.WelcomePageHandlerMapping    : Adding welcome page template: index
2025-03-14T09:29:36.485+09:00  INFO 6880 --- [ch06] [Test worker] kr.co.ch06.dao.User1MapperTest           : Started User1MapperTest in 1.683 seconds (process running for 2.708)
2025-03-14T09:29:37.205+09:00  INFO 6880 --- [ch06] [Test worker] com.zaxxer.hikari.HikariDataSource       : HikariPool-1 - Starting...
2025-03-14T09:29:37.463+09:00  INFO 6880 --- [ch06] [Test worker] com.zaxxer.hikari.pool.HikariPool        : HikariPool-1 - Added connection com.mysql.cj.jdbc.ConnectionImpl@204c5ddf
2025-03-14T09:29:37.466+09:00  INFO 6880 --- [ch06] [Test worker] com.zaxxer.hikari.HikariDataSource       : HikariPool-1 - Start completed.
2025-03-14T09:29:37.544+09:00  INFO 6880 --- [ch06] [SpringApplicationShutdownHook] com.zaxxer.hikari.HikariDataSource       : HikariPool-1 - Shutdown initiated...
2025-03-14T09:29:37.547+09:00  INFO 6880 --- [ch06] [SpringApplicationShutdownHook] com.zaxxer.hikari.HikariDataSource       : HikariPool-1 - Shutdown completed.
2025-03-14T09:32:08.962+09:00  INFO 2972 --- [ch06] [Test worker] kr.co.ch06.dao.User1MapperTest           : Starting User1MapperTest using Java 17.0.12 with PID 2972 (started by lotte06 in C:\Users\lotte06\Desktop\workspace\Spring\ch06)
2025-03-14T09:32:08.965+09:00  INFO 2972 --- [ch06] [Test worker] kr.co.ch06.dao.User1MapperTest           : No active profile set, falling back to 1 default profile: "default"
2025-03-14T09:32:10.134+09:00  INFO 2972 --- [ch06] [Test worker] o.s.b.a.w.s.WelcomePageHandlerMapping    : Adding welcome page template: index
2025-03-14T09:32:10.458+09:00  INFO 2972 --- [ch06] [Test worker] kr.co.ch06.dao.User1MapperTest           : Started User1MapperTest in 1.745 seconds (process running for 2.811)
2025-03-14T09:32:11.151+09:00  INFO 2972 --- [ch06] [Test worker] com.zaxxer.hikari.HikariDataSource       : HikariPool-1 - Starting...
2025-03-14T09:32:11.452+09:00  INFO 2972 --- [ch06] [Test worker] com.zaxxer.hikari.pool.HikariPool        : HikariPool-1 - Added connection com.mysql.cj.jdbc.ConnectionImpl@204c5ddf
2025-03-14T09:32:11.455+09:00  INFO 2972 --- [ch06] [Test worker] com.zaxxer.hikari.HikariDataSource       : HikariPool-1 - Start completed.
2025-03-14T09:32:11.547+09:00  INFO 2972 --- [ch06] [SpringApplicationShutdownHook] com.zaxxer.hikari.HikariDataSource       : HikariPool-1 - Shutdown initiated...
2025-03-14T09:32:11.551+09:00  INFO 2972 --- [ch06] [SpringApplicationShutdownHook] com.zaxxer.hikari.HikariDataSource       : HikariPool-1 - Shutdown completed.
2025-03-14T09:32:28.474+09:00  INFO 9044 --- [ch06] [Test worker] kr.co.ch06.dao.User1MapperTest           : Starting User1MapperTest using Java 17.0.12 with PID 9044 (started by lotte06 in C:\Users\lotte06\Desktop\workspace\Spring\ch06)
2025-03-14T09:32:28.476+09:00  INFO 9044 --- [ch06] [Test worker] kr.co.ch06.dao.User1MapperTest           : No active profile set, falling back to 1 default profile: "default"
2025-03-14T09:32:29.605+09:00  INFO 9044 --- [ch06] [Test worker] o.s.b.a.w.s.WelcomePageHandlerMapping    : Adding welcome page template: index
2025-03-14T09:32:29.928+09:00  INFO 9044 --- [ch06] [Test worker] kr.co.ch06.dao.User1MapperTest           : Started User1MapperTest in 1.719 seconds (process running for 2.765)
2025-03-14T09:32:30.630+09:00  INFO 9044 --- [ch06] [Test worker] com.zaxxer.hikari.HikariDataSource       : HikariPool-1 - Starting...
2025-03-14T09:32:30.907+09:00  INFO 9044 --- [ch06] [Test worker] com.zaxxer.hikari.pool.HikariPool        : HikariPool-1 - Added connection com.mysql.cj.jdbc.ConnectionImpl@204c5ddf
2025-03-14T09:32:30.909+09:00  INFO 9044 --- [ch06] [Test worker] com.zaxxer.hikari.HikariDataSource       : HikariPool-1 - Start completed.
2025-03-14T09:32:30.984+09:00  INFO 9044 --- [ch06] [SpringApplicationShutdownHook] com.zaxxer.hikari.HikariDataSource       : HikariPool-1 - Shutdown initiated...
2025-03-14T09:32:30.989+09:00  INFO 9044 --- [ch06] [SpringApplicationShutdownHook] com.zaxxer.hikari.HikariDataSource       : HikariPool-1 - Shutdown completed.
2025-03-14T09:34:43.557+09:00  INFO 8776 --- [ch06] [Test worker] kr.co.ch06.dao.User1MapperTest           : Starting User1MapperTest using Java 17.0.12 with PID 8776 (started by lotte06 in C:\Users\lotte06\Desktop\workspace\Spring\ch06)
2025-03-14T09:34:43.559+09:00  INFO 8776 --- [ch06] [Test worker] kr.co.ch06.dao.User1MapperTest           : No active profile set, falling back to 1 default profile: "default"
2025-03-14T09:34:44.692+09:00  INFO 8776 --- [ch06] [Test worker] o.s.b.a.w.s.WelcomePageHandlerMapping    : Adding welcome page template: index
2025-03-14T09:34:45.017+09:00  INFO 8776 --- [ch06] [Test worker] kr.co.ch06.dao.User1MapperTest           : Started User1MapperTest in 1.742 seconds (process running for 2.798)
2025-03-14T09:34:45.742+09:00  INFO 8776 --- [ch06] [Test worker] com.zaxxer.hikari.HikariDataSource       : HikariPool-1 - Starting...
2025-03-14T09:34:46.027+09:00  INFO 8776 --- [ch06] [Test worker] com.zaxxer.hikari.pool.HikariPool        : HikariPool-1 - Added connection com.mysql.cj.jdbc.ConnectionImpl@7eebb316
2025-03-14T09:34:46.030+09:00  INFO 8776 --- [ch06] [Test worker] com.zaxxer.hikari.HikariDataSource       : HikariPool-1 - Start completed.
2025-03-14T09:34:46.104+09:00  INFO 8776 --- [ch06] [SpringApplicationShutdownHook] com.zaxxer.hikari.HikariDataSource       : HikariPool-1 - Shutdown initiated...
2025-03-14T09:34:46.108+09:00  INFO 8776 --- [ch06] [SpringApplicationShutdownHook] com.zaxxer.hikari.HikariDataSource       : HikariPool-1 - Shutdown completed.
2025-03-14T09:35:53.072+09:00  INFO 12552 --- [ch06] [Test worker] kr.co.ch06.dao.User1MapperTest           : Starting User1MapperTest using Java 17.0.12 with PID 12552 (started by lotte06 in C:\Users\lotte06\Desktop\workspace\Spring\ch06)
2025-03-14T09:35:53.074+09:00  INFO 12552 --- [ch06] [Test worker] kr.co.ch06.dao.User1MapperTest           : No active profile set, falling back to 1 default profile: "default"
2025-03-14T09:35:54.220+09:00  INFO 12552 --- [ch06] [Test worker] o.s.b.a.w.s.WelcomePageHandlerMapping    : Adding welcome page template: index
2025-03-14T09:35:54.529+09:00  INFO 12552 --- [ch06] [Test worker] kr.co.ch06.dao.User1MapperTest           : Started User1MapperTest in 1.714 seconds (process running for 2.737)
2025-03-14T09:35:55.252+09:00  INFO 12552 --- [ch06] [Test worker] com.zaxxer.hikari.HikariDataSource       : HikariPool-1 - Starting...
2025-03-14T09:35:55.530+09:00  INFO 12552 --- [ch06] [Test worker] com.zaxxer.hikari.pool.HikariPool        : HikariPool-1 - Added connection com.mysql.cj.jdbc.ConnectionImpl@3d4b45b
2025-03-14T09:35:55.532+09:00  INFO 12552 --- [ch06] [Test worker] com.zaxxer.hikari.HikariDataSource       : HikariPool-1 - Start completed.
2025-03-14T09:35:55.600+09:00  INFO 12552 --- [ch06] [SpringApplicationShutdownHook] com.zaxxer.hikari.HikariDataSource       : HikariPool-1 - Shutdown initiated...
2025-03-14T09:35:55.603+09:00  INFO 12552 --- [ch06] [SpringApplicationShutdownHook] com.zaxxer.hikari.HikariDataSource       : HikariPool-1 - Shutdown completed.
2025-03-14T09:38:52.144+09:00  INFO 1624 --- [ch06] [Test worker] kr.co.ch06.dao.User1MapperTest           : Starting User1MapperTest using Java 17.0.12 with PID 1624 (started by lotte06 in C:\Users\lotte06\Desktop\workspace\Spring\ch06)
2025-03-14T09:38:52.146+09:00  INFO 1624 --- [ch06] [Test worker] kr.co.ch06.dao.User1MapperTest           : No active profile set, falling back to 1 default profile: "default"
2025-03-14T09:38:53.248+09:00  INFO 1624 --- [ch06] [Test worker] o.s.b.a.w.s.WelcomePageHandlerMapping    : Adding welcome page template: index
2025-03-14T09:38:53.554+09:00  INFO 1624 --- [ch06] [Test worker] kr.co.ch06.dao.User1MapperTest           : Started User1MapperTest in 1.666 seconds (process running for 2.705)
2025-03-14T09:38:54.247+09:00  INFO 1624 --- [ch06] [Test worker] com.zaxxer.hikari.HikariDataSource       : HikariPool-1 - Starting...
2025-03-14T09:38:54.514+09:00  INFO 1624 --- [ch06] [Test worker] com.zaxxer.hikari.pool.HikariPool        : HikariPool-1 - Added connection com.mysql.cj.jdbc.ConnectionImpl@4d0b276e
2025-03-14T09:38:54.516+09:00  INFO 1624 --- [ch06] [Test worker] com.zaxxer.hikari.HikariDataSource       : HikariPool-1 - Start completed.
2025-03-14T09:38:54.586+09:00  INFO 1624 --- [ch06] [SpringApplicationShutdownHook] com.zaxxer.hikari.HikariDataSource       : HikariPool-1 - Shutdown initiated...
2025-03-14T09:38:54.590+09:00  INFO 1624 --- [ch06] [SpringApplicationShutdownHook] com.zaxxer.hikari.HikariDataSource       : HikariPool-1 - Shutdown completed.
2025-03-14T09:41:07.460+09:00  INFO 14468 --- [ch06] [Test worker] kr.co.ch06.dao.User1MapperTest           : Starting User1MapperTest using Java 17.0.12 with PID 14468 (started by lotte06 in C:\Users\lotte06\Desktop\workspace\Spring\ch06)
2025-03-14T09:41:07.462+09:00  INFO 14468 --- [ch06] [Test worker] kr.co.ch06.dao.User1MapperTest           : No active profile set, falling back to 1 default profile: "default"
2025-03-14T09:41:08.598+09:00  INFO 14468 --- [ch06] [Test worker] o.s.b.a.w.s.WelcomePageHandlerMapping    : Adding welcome page template: index
2025-03-14T09:41:08.912+09:00  INFO 14468 --- [ch06] [Test worker] kr.co.ch06.dao.User1MapperTest           : Started User1MapperTest in 1.697 seconds (process running for 2.752)
2025-03-14T09:41:09.607+09:00  INFO 14468 --- [ch06] [Test worker] com.zaxxer.hikari.HikariDataSource       : HikariPool-1 - Starting...
2025-03-14T09:41:09.861+09:00  INFO 14468 --- [ch06] [Test worker] com.zaxxer.hikari.pool.HikariPool        : HikariPool-1 - Added connection com.mysql.cj.jdbc.ConnectionImpl@1b7a4930
2025-03-14T09:41:09.863+09:00  INFO 14468 --- [ch06] [Test worker] com.zaxxer.hikari.HikariDataSource       : HikariPool-1 - Start completed.
2025-03-14T09:41:09.936+09:00  INFO 14468 --- [ch06] [SpringApplicationShutdownHook] com.zaxxer.hikari.HikariDataSource       : HikariPool-1 - Shutdown initiated...
2025-03-14T09:41:09.939+09:00  INFO 14468 --- [ch06] [SpringApplicationShutdownHook] com.zaxxer.hikari.HikariDataSource       : HikariPool-1 - Shutdown completed.
2025-03-14T09:45:34.516+09:00  INFO 5408 --- [ch06] [Test worker] kr.co.ch06.dao.User1MapperTest           : Starting User1MapperTest using Java 17.0.12 with PID 5408 (started by lotte06 in C:\Users\lotte06\Desktop\workspace\Spring\ch06)
2025-03-14T09:45:34.518+09:00  INFO 5408 --- [ch06] [Test worker] kr.co.ch06.dao.User1MapperTest           : No active profile set, falling back to 1 default profile: "default"
2025-03-14T09:45:35.600+09:00  INFO 5408 --- [ch06] [Test worker] o.s.b.a.w.s.WelcomePageHandlerMapping    : Adding welcome page template: index
2025-03-14T09:45:35.929+09:00  INFO 5408 --- [ch06] [Test worker] kr.co.ch06.dao.User1MapperTest           : Started User1MapperTest in 1.673 seconds (process running for 2.712)
2025-03-14T09:45:36.631+09:00  INFO 5408 --- [ch06] [Test worker] com.zaxxer.hikari.HikariDataSource       : HikariPool-1 - Starting...
2025-03-14T09:45:36.890+09:00  INFO 5408 --- [ch06] [Test worker] com.zaxxer.hikari.pool.HikariPool        : HikariPool-1 - Added connection com.mysql.cj.jdbc.ConnectionImpl@2ba318c2
2025-03-14T09:45:36.893+09:00  INFO 5408 --- [ch06] [Test worker] com.zaxxer.hikari.HikariDataSource       : HikariPool-1 - Start completed.
2025-03-14T09:45:37.014+09:00  INFO 5408 --- [ch06] [SpringApplicationShutdownHook] com.zaxxer.hikari.HikariDataSource       : HikariPool-1 - Shutdown initiated...
2025-03-14T09:45:37.071+09:00  INFO 5408 --- [ch06] [SpringApplicationShutdownHook] com.zaxxer.hikari.HikariDataSource       : HikariPool-1 - Shutdown completed.
2025-03-14T09:46:40.651+09:00  INFO 1776 --- [ch06] [Test worker] kr.co.ch06.dao.User1MapperTest           : Starting User1MapperTest using Java 17.0.12 with PID 1776 (started by lotte06 in C:\Users\lotte06\Desktop\workspace\Spring\ch06)
2025-03-14T09:46:40.654+09:00  INFO 1776 --- [ch06] [Test worker] kr.co.ch06.dao.User1MapperTest           : No active profile set, falling back to 1 default profile: "default"
2025-03-14T09:46:41.745+09:00  INFO 1776 --- [ch06] [Test worker] o.s.b.a.w.s.WelcomePageHandlerMapping    : Adding welcome page template: index
2025-03-14T09:46:42.055+09:00  INFO 1776 --- [ch06] [Test worker] kr.co.ch06.dao.User1MapperTest           : Started User1MapperTest in 1.657 seconds (process running for 2.7)
2025-03-14T09:46:42.754+09:00  INFO 1776 --- [ch06] [Test worker] com.zaxxer.hikari.HikariDataSource       : HikariPool-1 - Starting...
2025-03-14T09:46:43.006+09:00  INFO 1776 --- [ch06] [Test worker] com.zaxxer.hikari.pool.HikariPool        : HikariPool-1 - Added connection com.mysql.cj.jdbc.ConnectionImpl@175957b6
2025-03-14T09:46:43.008+09:00  INFO 1776 --- [ch06] [Test worker] com.zaxxer.hikari.HikariDataSource       : HikariPool-1 - Start completed.
2025-03-14T09:46:43.144+09:00  INFO 1776 --- [ch06] [SpringApplicationShutdownHook] com.zaxxer.hikari.HikariDataSource       : HikariPool-1 - Shutdown initiated...
2025-03-14T09:46:43.188+09:00  INFO 1776 --- [ch06] [SpringApplicationShutdownHook] com.zaxxer.hikari.HikariDataSource       : HikariPool-1 - Shutdown completed.
2025-03-14T09:48:30.602+09:00  INFO 13252 --- [ch06] [Test worker] kr.co.ch06.dao.User1MapperTest           : Starting User1MapperTest using Java 17.0.12 with PID 13252 (started by lotte06 in C:\Users\lotte06\Desktop\workspace\Spring\ch06)
2025-03-14T09:48:30.604+09:00  INFO 13252 --- [ch06] [Test worker] kr.co.ch06.dao.User1MapperTest           : No active profile set, falling back to 1 default profile: "default"
2025-03-14T09:48:31.700+09:00  INFO 13252 --- [ch06] [Test worker] o.s.b.a.w.s.WelcomePageHandlerMapping    : Adding welcome page template: index
2025-03-14T09:48:32.010+09:00  INFO 13252 --- [ch06] [Test worker] kr.co.ch06.dao.User1MapperTest           : Started User1MapperTest in 1.668 seconds (process running for 2.705)
2025-03-14T09:48:32.743+09:00  INFO 13252 --- [ch06] [Test worker] com.zaxxer.hikari.HikariDataSource       : HikariPool-1 - Starting...
2025-03-14T09:48:33.040+09:00  INFO 13252 --- [ch06] [Test worker] com.zaxxer.hikari.pool.HikariPool        : HikariPool-1 - Added connection com.mysql.cj.jdbc.ConnectionImpl@175957b6
2025-03-14T09:48:33.043+09:00  INFO 13252 --- [ch06] [Test worker] com.zaxxer.hikari.HikariDataSource       : HikariPool-1 - Start completed.
2025-03-14T09:48:33.155+09:00  INFO 13252 --- [ch06] [SpringApplicationShutdownHook] com.zaxxer.hikari.HikariDataSource       : HikariPool-1 - Shutdown initiated...
2025-03-14T09:48:33.212+09:00  INFO 13252 --- [ch06] [SpringApplicationShutdownHook] com.zaxxer.hikari.HikariDataSource       : HikariPool-1 - Shutdown completed.
2025-03-14T10:03:00.971+09:00  INFO 14472 --- [ch06] [Test worker] kr.co.ch06.dao.User1MapperTest           : Starting User1MapperTest using Java 17.0.12 with PID 14472 (started by lotte06 in C:\Users\lotte06\Desktop\workspace\Spring\ch06)
2025-03-14T10:03:00.973+09:00  INFO 14472 --- [ch06] [Test worker] kr.co.ch06.dao.User1MapperTest           : No active profile set, falling back to 1 default profile: "default"
2025-03-14T10:03:02.108+09:00  INFO 14472 --- [ch06] [Test worker] o.s.b.a.w.s.WelcomePageHandlerMapping    : Adding welcome page template: index
2025-03-14T10:03:02.418+09:00  INFO 14472 --- [ch06] [Test worker] kr.co.ch06.dao.User1MapperTest           : Started User1MapperTest in 1.708 seconds (process running for 2.754)
2025-03-14T10:03:03.137+09:00  INFO 14472 --- [ch06] [Test worker] com.zaxxer.hikari.HikariDataSource       : HikariPool-1 - Starting...
2025-03-14T10:03:03.399+09:00  INFO 14472 --- [ch06] [Test worker] com.zaxxer.hikari.pool.HikariPool        : HikariPool-1 - Added connection com.mysql.cj.jdbc.ConnectionImpl@6b2f7527
2025-03-14T10:03:03.401+09:00  INFO 14472 --- [ch06] [Test worker] com.zaxxer.hikari.HikariDataSource       : HikariPool-1 - Start completed.
2025-03-14T10:03:03.508+09:00  INFO 14472 --- [ch06] [SpringApplicationShutdownHook] com.zaxxer.hikari.HikariDataSource       : HikariPool-1 - Shutdown initiated...
2025-03-14T10:03:03.571+09:00  INFO 14472 --- [ch06] [SpringApplicationShutdownHook] com.zaxxer.hikari.HikariDataSource       : HikariPool-1 - Shutdown completed.
2025-03-14T10:04:51.350+09:00  INFO 5232 --- [ch06] [Test worker] kr.co.ch06.dao.User1MapperTest           : Starting User1MapperTest using Java 17.0.12 with PID 5232 (started by lotte06 in C:\Users\lotte06\Desktop\workspace\Spring\ch06)
2025-03-14T10:04:51.351+09:00  INFO 5232 --- [ch06] [Test worker] kr.co.ch06.dao.User1MapperTest           : No active profile set, falling back to 1 default profile: "default"
2025-03-14T10:04:52.460+09:00  INFO 5232 --- [ch06] [Test worker] o.s.b.a.w.s.WelcomePageHandlerMapping    : Adding welcome page template: index
2025-03-14T10:04:52.774+09:00  INFO 5232 --- [ch06] [Test worker] kr.co.ch06.dao.User1MapperTest           : Started User1MapperTest in 1.678 seconds (process running for 2.73)
2025-03-14T10:04:53.489+09:00  INFO 5232 --- [ch06] [Test worker] com.zaxxer.hikari.HikariDataSource       : HikariPool-1 - Starting...
2025-03-14T10:04:53.802+09:00  INFO 5232 --- [ch06] [Test worker] com.zaxxer.hikari.pool.HikariPool        : HikariPool-1 - Added connection com.mysql.cj.jdbc.ConnectionImpl@3d4b45b
2025-03-14T10:04:53.804+09:00  INFO 5232 --- [ch06] [Test worker] com.zaxxer.hikari.HikariDataSource       : HikariPool-1 - Start completed.
2025-03-14T10:04:53.928+09:00  INFO 5232 --- [ch06] [SpringApplicationShutdownHook] com.zaxxer.hikari.HikariDataSource       : HikariPool-1 - Shutdown initiated...
2025-03-14T10:04:53.976+09:00  INFO 5232 --- [ch06] [SpringApplicationShutdownHook] com.zaxxer.hikari.HikariDataSource       : HikariPool-1 - Shutdown completed.
2025-03-14T10:06:17.566+09:00  INFO 9796 --- [ch06] [Test worker] kr.co.ch06.dao.User1MapperTest           : Starting User1MapperTest using Java 17.0.12 with PID 9796 (started by lotte06 in C:\Users\lotte06\Desktop\workspace\Spring\ch06)
2025-03-14T10:06:17.568+09:00  INFO 9796 --- [ch06] [Test worker] kr.co.ch06.dao.User1MapperTest           : No active profile set, falling back to 1 default profile: "default"
2025-03-14T10:06:18.693+09:00  INFO 9796 --- [ch06] [Test worker] o.s.b.a.w.s.WelcomePageHandlerMapping    : Adding welcome page template: index
2025-03-14T10:06:19.004+09:00  INFO 9796 --- [ch06] [Test worker] kr.co.ch06.dao.User1MapperTest           : Started User1MapperTest in 1.71 seconds (process running for 2.765)
2025-03-14T10:06:19.697+09:00  INFO 9796 --- [ch06] [Test worker] com.zaxxer.hikari.HikariDataSource       : HikariPool-1 - Starting...
2025-03-14T10:06:19.993+09:00  INFO 9796 --- [ch06] [Test worker] com.zaxxer.hikari.pool.HikariPool        : HikariPool-1 - Added connection com.mysql.cj.jdbc.ConnectionImpl@60861e5d
2025-03-14T10:06:19.995+09:00  INFO 9796 --- [ch06] [Test worker] com.zaxxer.hikari.HikariDataSource       : HikariPool-1 - Start completed.
2025-03-14T10:06:20.114+09:00  INFO 9796 --- [ch06] [SpringApplicationShutdownHook] com.zaxxer.hikari.HikariDataSource       : HikariPool-1 - Shutdown initiated...
2025-03-14T10:06:20.162+09:00  INFO 9796 --- [ch06] [SpringApplicationShutdownHook] com.zaxxer.hikari.HikariDataSource       : HikariPool-1 - Shutdown completed.
2025-03-14T10:16:31.701+09:00  INFO 13904 --- [ch06] [Test worker] kr.co.ch06.service.User1ServiceTest      : Starting User1ServiceTest using Java 17.0.12 with PID 13904 (started by lotte06 in C:\Users\lotte06\Desktop\workspace\Spring\ch06)
2025-03-14T10:16:31.704+09:00  INFO 13904 --- [ch06] [Test worker] kr.co.ch06.service.User1ServiceTest      : No active profile set, falling back to 1 default profile: "default"
2025-03-14T10:16:32.825+09:00  INFO 13904 --- [ch06] [Test worker] o.s.b.a.w.s.WelcomePageHandlerMapping    : Adding welcome page template: index
2025-03-14T10:16:33.148+09:00  INFO 13904 --- [ch06] [Test worker] kr.co.ch06.service.User1ServiceTest      : Started User1ServiceTest in 1.701 seconds (process running for 2.77)
2025-03-14T10:16:33.868+09:00  INFO 13904 --- [ch06] [Test worker] com.zaxxer.hikari.HikariDataSource       : HikariPool-1 - Starting...
2025-03-14T10:16:34.142+09:00  INFO 13904 --- [ch06] [Test worker] com.zaxxer.hikari.pool.HikariPool        : HikariPool-1 - Added connection com.mysql.cj.jdbc.ConnectionImpl@1f12d5e0
2025-03-14T10:16:34.145+09:00  INFO 13904 --- [ch06] [Test worker] com.zaxxer.hikari.HikariDataSource       : HikariPool-1 - Start completed.
2025-03-14T10:16:34.211+09:00  INFO 13904 --- [ch06] [SpringApplicationShutdownHook] com.zaxxer.hikari.HikariDataSource       : HikariPool-1 - Shutdown initiated...
2025-03-14T10:16:34.214+09:00  INFO 13904 --- [ch06] [SpringApplicationShutdownHook] com.zaxxer.hikari.HikariDataSource       : HikariPool-1 - Shutdown completed.
2025-03-14T10:30:55.393+09:00  INFO 2332 --- [ch06] [Test worker] k.co.ch06.controller.Sub1ControllerTest  : Starting Sub1ControllerTest using Java 17.0.12 with PID 2332 (started by lotte06 in C:\Users\lotte06\Desktop\workspace\Spring\ch06)
2025-03-14T10:30:55.395+09:00  INFO 2332 --- [ch06] [Test worker] k.co.ch06.controller.Sub1ControllerTest  : No active profile set, falling back to 1 default profile: "default"
2025-03-14T10:30:56.510+09:00  INFO 2332 --- [ch06] [Test worker] o.s.b.a.w.s.WelcomePageHandlerMapping    : Adding welcome page template: index
2025-03-14T10:30:56.824+09:00  INFO 2332 --- [ch06] [Test worker] o.s.b.t.m.w.SpringBootMockServletContext : Initializing Spring TestDispatcherServlet ''
2025-03-14T10:30:56.824+09:00  INFO 2332 --- [ch06] [Test worker] o.s.t.web.servlet.TestDispatcherServlet  : Initializing Servlet ''
2025-03-14T10:30:56.825+09:00  INFO 2332 --- [ch06] [Test worker] o.s.t.web.servlet.TestDispatcherServlet  : Completed initialization in 1 ms
2025-03-14T10:30:56.859+09:00  INFO 2332 --- [ch06] [Test worker] k.co.ch06.controller.Sub1ControllerTest  : Started Sub1ControllerTest in 1.773 seconds (process running for 2.836)
2025-03-14T10:34:25.095+09:00  INFO 12272 --- [ch06] [Test worker] k.co.ch06.controller.Sub1ControllerTest  : Starting Sub1ControllerTest using Java 17.0.12 with PID 12272 (started by lotte06 in C:\Users\lotte06\Desktop\workspace\Spring\ch06)
2025-03-14T10:34:25.096+09:00  INFO 12272 --- [ch06] [Test worker] k.co.ch06.controller.Sub1ControllerTest  : No active profile set, falling back to 1 default profile: "default"
2025-03-14T10:34:26.186+09:00  INFO 12272 --- [ch06] [Test worker] o.s.b.a.w.s.WelcomePageHandlerMapping    : Adding welcome page template: index
2025-03-14T10:34:26.502+09:00  INFO 12272 --- [ch06] [Test worker] o.s.b.t.m.w.SpringBootMockServletContext : Initializing Spring TestDispatcherServlet ''
2025-03-14T10:34:26.503+09:00  INFO 12272 --- [ch06] [Test worker] o.s.t.web.servlet.TestDispatcherServlet  : Initializing Servlet ''
2025-03-14T10:34:26.504+09:00  INFO 12272 --- [ch06] [Test worker] o.s.t.web.servlet.TestDispatcherServlet  : Completed initialization in 1 ms
2025-03-14T10:34:26.534+09:00  INFO 12272 --- [ch06] [Test worker] k.co.ch06.controller.Sub1ControllerTest  : Started Sub1ControllerTest in 1.736 seconds (process running for 2.789)
2025-03-14T10:40:56.931+09:00  INFO 5808 --- [ch06] [Test worker] k.co.ch06.controller.Sub1ControllerTest  : Starting Sub1ControllerTest using Java 17.0.12 with PID 5808 (started by lotte06 in C:\Users\lotte06\Desktop\workspace\Spring\ch06)
2025-03-14T10:40:56.932+09:00  INFO 5808 --- [ch06] [Test worker] k.co.ch06.controller.Sub1ControllerTest  : No active profile set, falling back to 1 default profile: "default"
2025-03-14T10:40:58.029+09:00  INFO 5808 --- [ch06] [Test worker] o.s.b.a.w.s.WelcomePageHandlerMapping    : Adding welcome page template: index
2025-03-14T10:40:58.330+09:00  INFO 5808 --- [ch06] [Test worker] o.s.b.t.m.w.SpringBootMockServletContext : Initializing Spring TestDispatcherServlet ''
2025-03-14T10:40:58.330+09:00  INFO 5808 --- [ch06] [Test worker] o.s.t.web.servlet.TestDispatcherServlet  : Initializing Servlet ''
2025-03-14T10:40:58.331+09:00  INFO 5808 --- [ch06] [Test worker] o.s.t.web.servlet.TestDispatcherServlet  : Completed initialization in 1 ms
2025-03-14T10:40:58.363+09:00  INFO 5808 --- [ch06] [Test worker] k.co.ch06.controller.Sub1ControllerTest  : Started Sub1ControllerTest in 1.724 seconds (process running for 2.798)
2025-03-14T10:40:59.099+09:00  WARN 5808 --- [ch06] [Test worker] .w.s.m.s.DefaultHandlerExceptionResolver : Resolved [org.springframework.web.HttpRequestMethodNotSupportedException: Request method 'POST' is not supported]
2025-03-14T10:41:06.204+09:00  INFO 10780 --- [ch06] [Test worker] k.co.ch06.controller.Sub1ControllerTest  : Starting Sub1ControllerTest using Java 17.0.12 with PID 10780 (started by lotte06 in C:\Users\lotte06\Desktop\workspace\Spring\ch06)
2025-03-14T10:41:06.205+09:00  INFO 10780 --- [ch06] [Test worker] k.co.ch06.controller.Sub1ControllerTest  : No active profile set, falling back to 1 default profile: "default"
2025-03-14T10:41:07.305+09:00  INFO 10780 --- [ch06] [Test worker] o.s.b.a.w.s.WelcomePageHandlerMapping    : Adding welcome page template: index
2025-03-14T10:41:07.609+09:00  INFO 10780 --- [ch06] [Test worker] o.s.b.t.m.w.SpringBootMockServletContext : Initializing Spring TestDispatcherServlet ''
2025-03-14T10:41:07.609+09:00  INFO 10780 --- [ch06] [Test worker] o.s.t.web.servlet.TestDispatcherServlet  : Initializing Servlet ''
2025-03-14T10:41:07.611+09:00  INFO 10780 --- [ch06] [Test worker] o.s.t.web.servlet.TestDispatcherServlet  : Completed initialization in 1 ms
2025-03-14T10:41:07.642+09:00  INFO 10780 --- [ch06] [Test worker] k.co.ch06.controller.Sub1ControllerTest  : Started Sub1ControllerTest in 1.746 seconds (process running for 2.79)
2025-03-14T10:42:56.969+09:00  INFO 13996 --- [ch06] [Test worker] k.co.ch06.controller.Sub1ControllerTest  : Starting Sub1ControllerTest using Java 17.0.12 with PID 13996 (started by lotte06 in C:\Users\lotte06\Desktop\workspace\Spring\ch06)
2025-03-14T10:42:56.971+09:00  INFO 13996 --- [ch06] [Test worker] k.co.ch06.controller.Sub1ControllerTest  : No active profile set, falling back to 1 default profile: "default"
2025-03-14T10:42:58.070+09:00  INFO 13996 --- [ch06] [Test worker] o.s.b.a.w.s.WelcomePageHandlerMapping    : Adding welcome page template: index
2025-03-14T10:42:58.377+09:00  INFO 13996 --- [ch06] [Test worker] o.s.b.t.m.w.SpringBootMockServletContext : Initializing Spring TestDispatcherServlet ''
2025-03-14T10:42:58.377+09:00  INFO 13996 --- [ch06] [Test worker] o.s.t.web.servlet.TestDispatcherServlet  : Initializing Servlet ''
2025-03-14T10:42:58.379+09:00  INFO 13996 --- [ch06] [Test worker] o.s.t.web.servlet.TestDispatcherServlet  : Completed initialization in 1 ms
2025-03-14T10:42:58.410+09:00  INFO 13996 --- [ch06] [Test worker] k.co.ch06.controller.Sub1ControllerTest  : Started Sub1ControllerTest in 1.734 seconds (process running for 2.779)
2025-03-14T10:42:59.119+09:00  WARN 13996 --- [ch06] [Test worker] .w.s.m.s.DefaultHandlerExceptionResolver : Resolved [org.springframework.web.HttpRequestMethodNotSupportedException: Request method 'POST' is not supported]
2025-03-14T10:43:09.398+09:00  INFO 7808 --- [ch06] [Test worker] k.co.ch06.controller.Sub1ControllerTest  : Starting Sub1ControllerTest using Java 17.0.12 with PID 7808 (started by lotte06 in C:\Users\lotte06\Desktop\workspace\Spring\ch06)
2025-03-14T10:43:09.399+09:00  INFO 7808 --- [ch06] [Test worker] k.co.ch06.controller.Sub1ControllerTest  : No active profile set, falling back to 1 default profile: "default"
2025-03-14T10:43:10.482+09:00  INFO 7808 --- [ch06] [Test worker] o.s.b.a.w.s.WelcomePageHandlerMapping    : Adding welcome page template: index
2025-03-14T10:43:10.780+09:00  INFO 7808 --- [ch06] [Test worker] o.s.b.t.m.w.SpringBootMockServletContext : Initializing Spring TestDispatcherServlet ''
2025-03-14T10:43:10.781+09:00  INFO 7808 --- [ch06] [Test worker] o.s.t.web.servlet.TestDispatcherServlet  : Initializing Servlet ''
2025-03-14T10:43:10.782+09:00  INFO 7808 --- [ch06] [Test worker] o.s.t.web.servlet.TestDispatcherServlet  : Completed initialization in 1 ms
2025-03-14T10:43:10.813+09:00  INFO 7808 --- [ch06] [Test worker] k.co.ch06.controller.Sub1ControllerTest  : Started Sub1ControllerTest in 1.712 seconds (process running for 2.756)
2025-03-14T10:43:38.088+09:00  INFO 5336 --- [ch06] [Test worker] k.co.ch06.controller.Sub1ControllerTest  : Starting Sub1ControllerTest using Java 17.0.12 with PID 5336 (started by lotte06 in C:\Users\lotte06\Desktop\workspace\Spring\ch06)
2025-03-14T10:43:38.089+09:00  INFO 5336 --- [ch06] [Test worker] k.co.ch06.controller.Sub1ControllerTest  : No active profile set, falling back to 1 default profile: "default"
2025-03-14T10:43:39.190+09:00  INFO 5336 --- [ch06] [Test worker] o.s.b.a.w.s.WelcomePageHandlerMapping    : Adding welcome page template: index
2025-03-14T10:43:39.492+09:00  INFO 5336 --- [ch06] [Test worker] o.s.b.t.m.w.SpringBootMockServletContext : Initializing Spring TestDispatcherServlet ''
2025-03-14T10:43:39.492+09:00  INFO 5336 --- [ch06] [Test worker] o.s.t.web.servlet.TestDispatcherServlet  : Initializing Servlet ''
2025-03-14T10:43:39.493+09:00  INFO 5336 --- [ch06] [Test worker] o.s.t.web.servlet.TestDispatcherServlet  : Completed initialization in 1 ms
2025-03-14T10:43:39.528+09:00  INFO 5336 --- [ch06] [Test worker] k.co.ch06.controller.Sub1ControllerTest  : Started Sub1ControllerTest in 1.732 seconds (process running for 2.797)
